# !SESSION 2025-10-26 19:48:07.979
# version: 1.1
# verbose: true
# The following option strings are specified for this debug session:
# 	null
| main | 2025-10-26 19:48:07.979 | com.iar.ide.common | /debug | com.iar.ide.common.PlatformLoggerDelegate | traceFile | 74 | com.iar.cdt.arm.toolchain.cmsis.adapter INFO Using CMSIS pack repositories: http://links.iar.com/cmsis/pack/ |
# !SESSION 2025-10-26 20:30:14.552
# version: 1.1
# verbose: true
# The following option strings are specified for this debug session:
# 	null
| main | 2025-10-26 20:30:14.552 | com.iar.ide.common | /debug | com.iar.ide.common.PlatformLoggerDelegate | traceFile | 74 | com.iar.cdt.arm.toolchain.cmsis.adapter INFO Using CMSIS pack repositories: http://links.iar.com/cmsis/pack/ |
# !SESSION 2025-10-26 21:07:30.325
# version: 1.1
# verbose: true
# The following option strings are specified for this debug session:
# 	null
| main | 2025-10-26 21:07:30.325 | com.iar.ide.common | /debug | com.iar.ide.common.PlatformLoggerDelegate | traceFile | 74 | com.iar.cdt.arm.toolchain.cmsis.adapter INFO Using CMSIS pack repositories: http://links.iar.com/cmsis/pack/ |
# !SESSION 2025-10-26 21:17:46.177
# version: 1.1
# verbose: true
# The following option strings are specified for this debug session:
# 	null
| main | 2025-10-26 21:17:46.177 | com.iar.ide.common | /debug | com.iar.ide.common.PlatformLoggerDelegate | traceFile | 74 | com.iar.cdt.arm.toolchain.cmsis.adapter INFO Using CMSIS pack repositories: http://links.iar.com/cmsis/pack/ |
